评测pb.resourcesrpc.SearchClassificationAll:
{
"classifications":[
{
"classID":"1",
"className":"计算机",
"classResourceNum":"441",
"children":[
{
"classID":"5",
"classParentID":"1",
"className":"人工智能",
"classResourceNum":"11"
},
{
"classID":"8",
"classParentID":"1",
"className":"音乐视频分析",
"classResourceNum":"112"
},
{
"classID":"9",
"classParentID":"1",
"className":"成分计算机",
"classResourceNum":"112"
},
{
"classID":"10",
"classParentID":"1",
"className":"硬件计算机",
"classResourceNum":"112",
"children":[
{
"classID":"11",
"classParentID":"10",
"className":"硬件分析",
"classResourceNum":"112"
},
{
"classID":"12",
"classParentID":"10",
"className":"硬件组成",
"classResourceNum":"112",
"children":[
{
"classID":"14",
"classParentID":"12",
"className":"主板",
"classResourceNum":"112"
},
{
"classID":"15",
"classParentID":"12",
"className":"CPU",
"classResourceNum":"112"
},
{
"classID":"16",
"classParentID":"12",
"className":"硬盘",
"classResourceNum":"112"
}
]
},
{
"classID":"13",
"classParentID":"10",
"className":"硬件调用",
"classResourceNum":"112"
}
]
}
]
},
{
"classID":"2",
"className":"艺术",
"classResourceNum":"20",
"children":[
{
"classID":"6",
"classParentID":"2",
"className":"音乐",
"classResourceNum":"12"
}
]
},
{
"classID":"3",
"className":"科技",
"classResourceNum":"1"
},
{
"classID":"4",
"className":"人文",
"classResourceNum":"1"
},
{
"classID":"17",
"className":"经济管理学",
"classResourceNum":"22"
}
]
}
评测pb.resourcesrpc.GetClassificationDataByPages:
{
"files":[
{
"ID":"17",
"UUID":"1654077249529319424",
"name":"马里奥大战小马里奥",
"obfuscateName":"m0eeBN",
"size":"101695",
"owner":"20",
"status":"2",
"type":"3",
"class":"1",
"suffix":".jpg",
"downloadAllow":"1",
"link":"resources/files/马里奥大战小马里奥.jpg",
"filePoster":"https://graduating-project.oss-cn-chengdu.aliyuncs.com/cache/poster/马里奥大战小马里奥.jpg",
"createTime":"1683197722000",
"updateTime":"1683197722000"
},
{
"ID":"18",
"UUID":"1654077474629226496",
"name":"满江红海报",
"obfuscateName":"8GVgsZ",
"size":"20870",
"owner":"20",
"status":"2",
"type":"3",
"class":"1",
"suffix":".jpg",
"downloadAllow":"1",
"link":"resources/files/满江红海报.jpg",
"filePoster":"https://graduating-project.oss-cn-chengdu.aliyuncs.com/cache/poster/满江红海报.jpg",
"createTime":"1683197776000",
"updateTime":"1683197776000"
}
],
"filesTotal":"2",
"onlineText":[
{
"ID":"18",
"UUID":"1654079973830430720",
"owner":"21",
"content":"iptv教程xxxxxxxx",
"classID":"1",
"permission":"1",
"textPoster":"https://graduating-project.oss-cn-chengdu.aliyuncs.com/cache/poster/IPTV搭建教程.png",
"textName":"IPTV搭建教程",
"createTime":"1683198372000",
"updateTime":"1683431541000"
}
],
"textsTotal":"1"
}
评测pb.resourcesrpc.AddOnlineText:
{
}
评测pb.resourcesrpc.UpdateFile:
{
}
评测pb.resourcesrpc.DelCount:
{
}
评测pb.resourcesrpc.DelFile:
{
}
