评测pb.userrpc.AddMajor:
{
}
评测pb.userrpc.AddUser:
{
}
评测pb.userrpc.GetMajorPages:
{
"major":[
{
"ID":"1",
"name":"计算机科学",
"desc":"这是升级版本极客"
},
{
"ID":"3",
"name":"Java语言",
"desc":"计算机"
},
{
"ID":"5",
"name":"PHP语言",
"desc":"更新数据"
},
{
"ID":"6",
"name":"Py语言",
"desc":"编程"
},
{
"ID":"7",
"name":"Rust语言",
"desc":"这是升级版本极客"
},
{
"ID":"8",
"name":"R语言",
"desc":"新语言"
},
{
"ID":"9",
"name":"美术",
"desc":"分类"
},
{
"ID":"10",
"name":"科技",
"desc":"分类"
},
{
"ID":"11",
"name":"人工数据分析",
"desc":"这是测试科目人工数据分析"
}
]
}
评测pb.userrpc.GetThirdDataByThirdId:
{
"thirdData":{
"ID":"1",
"thirdID":"1",
"name":"Test1QQ",
"sign":"这是测试数据1的qq"
}
}
评测pb.userrpc.GetUserById:
{
"user":{
"uID":"1",
"uniqueID":"1653421638231789568",
"name":"test1",
"password":"test1234",
"age":"22",
"gender":"1",
"phone":"18178114924",
"email":"ovgtmcffm@163.com",
"grade":"1",
"major":"1",
"star":2,
"avatar":"https://abcd.asas/img",
"sign":"这是测试数据一",
"class":"192",
"createTime":"1683772307000",
"updateTime":"1683772397000"
}
}
评测pb.userrpc.GetUserByPhoneOrEmail:
{
"user":{
"uID":"1",
"uniqueID":"1653421638231789568",
"name":"test1",
"password":"test1234",
"age":"22",
"gender":"1",
"phone":"18178114924",
"email":"ovgtmcffm@163.com",
"grade":"1",
"major":"1",
"star":2,
"avatar":"https://abcd.asas/img",
"sign":"这是测试数据一",
"class":"192",
"createTime":"1683772307000",
"updateTime":"1683772397000"
}
}
评测pb.userrpc.UpdateUser:
{
}
